BRONX, 2008	114235
QUEENS, 2014	100087
QUEENS, 2007	106394
STATEN ISLAND, 2012	23611
MANHATTAN, 2010	121669
MANHATTAN, 2011	115687
BRONX, 2009	112795
STATEN ISLAND, 2013	22612
QUEENS, 2006	107170
QUEENS, 2015	92981
BRONX, 2013	104062
BROOKLYN, 2011	151808
STATEN ISLAND, 2009	24173
BRONX, 2012	106883
BROOKLYN, 2010	152342
STATEN ISLAND, 2008	26881
MANHATTAN, 2009	124574
STATEN ISLAND, 2007	26156
BRONX, 2011	108765
BROOKLYN, 2013	149559
STATEN ISLAND, 2014	22711
STATEN ISLAND, 2006	27542
MANHATTAN, 2008	128380
BRONX, 2010	112169
STATEN ISLAND, 2015	21714
BROOKLYN, 2012	154691
QUEENS, 2010	99436
MANHATTAN, 2014	113096
QUEENS, 2009	98917
BROOKLYN, 2008	155913
MANHATTAN, 2015	110580
QUEENS, 2011	98641
QUEENS, 2008	103266
BROOKLYN, 2009	150487
QUEENS, 2012	99080
MANHATTAN, 2012	119863
BRONX, 2015	102950
BRONX, 2006	114329
STATEN ISLAND, 2010	24109
MANHATTAN, 2007	130743
BROOKLYN, 2015	140351
BROOKLYN, 2006	160029
QUEENS, 2013	100908
MANHATTAN, 2013	117743
BRONX, 2014	106016
BRONX, 2007	117561
STATEN ISLAND, 2011	23297
MANHATTAN, 2006	129603
BROOKLYN, 2007	156347
BROOKLYN, 2014	148453
