VIOLATION 1987	1
FELONY 1980	7
FELONY 1964	1
MISDEMEANOR 1979	1
MISDEMEANOR 1997	22
FELONY 1940	1
VIOLATION 1967	4
MISDEMEANOR 1977	2
FELONY 1993	35
MISDEMEANOR 1900	2
FELONY 1979	8
VIOLATION 2003	55
MISDEMEANOR 2011	294697
MISDEMEANOR 1999	78
FELONY 1973	6
VIOLATION 1950	1
VIOLATION 2009	59875
MISDEMEANOR 1980	6
FELONY 1915	4
VIOLATION 1974	1
FELONY 1999	254
FELONY 1959	1
MISDEMEANOR 1950	1
FELONY 1972	4
VIOLATION 1986	3
FELONY 1981	3
FELONY 1965	2
MISDEMEANOR 1996	21
FELONY 1941	1
VIOLATION 1900	1
MISDEMEANOR 1976	1
FELONY 1978	4
VIOLATION 1966	8
MISDEMEANOR 1978	1
MISDEMEANOR 1998	45
FELONY 1992	33
VIOLATION 2002	20
MISDEMEANOR 2010	303605
FELONY 1998	163
VIOLATION 2008	62070
MISDEMEANOR 1981	3
FELONY 1938	1
VIOLATION 1975	2
FELONY 1958	1
MISDEMEANOR 1965	2
FELONY 1914	3
MISDEMEANOR 2006	294369
FELONY 1991	23
VIOLATION 2001	38
FELONY 2004	1368
FELONY 1975	5
MISDEMEANOR 2013	282483
MISDEMEANOR 1911	3
FELONY 1982	5
MISDEMEANOR 1908	1
MISDEMEANOR 1991	4
MISDEMEANOR 1975	1
VIOLATION 1910	2
MISDEMEANOR 1986	7
VIOLATION 1985	1
MISDEMEANOR 1966	10
MISDEMEANOR 2007	303079
FELONY 1990	29
VIOLATION 1995	2
VIOLATION 2000	56
FELONY 2005	5300
MISDEMEANOR 2012	292259
MISDEMEANOR 1941	1
MISDEMEANOR 1910	2
FELONY 1974	3
VIOLATION 1984	1
MISDEMEANOR 1909	1
FELONY 1983	2
MISDEMEANOR 1990	5
FELONY 1015	4
FELONY 1950	1
VIOLATION 1911	1
MISDEMEANOR 1929	1
MISDEMEANOR 1967	9
MISDEMEANOR 1974	5
VIOLATION 1968	1
MISDEMEANOR 1987	2
FELONY 1997	106
MISDEMEANOR 2004	626
MISDEMEANOR 1920	4
MISDEMEANOR 1948	1
VIOLATION 1996	2
VIOLATION 2010	58607
FELONY 2006	174965
MISDEMEANOR 2015	260133
MISDEMEANOR 1913	2
FELONY 1913	6
FELONY 1977	5
MISDEMEANOR 1993	7
FELONY 2015	146137
FELONY 1900	2
FELONY 1984	5
FELONY 1960	1
MISDEMEANOR 1984	1
VIOLATION 1913	1
MISDEMEANOR 2005	4576
FELONY 1985	12
VIOLATION 1906	1
VIOLATION 2011	55419
FELONY 2007	167965
MISDEMEANOR 2014	276770
MISDEMEANOR 1912	8
MISDEMEANOR 1954	1
VIOLATION 1960	2
FELONY 1976	2
MISDEMEANOR	344
VIOLATION 1997	3
MISDEMEANOR 1992	11
FELONY 2014	150716
FELONY 1912	1
MISDEMEANOR 1985	5
VIOLATION 1982	2
FELONY 1996	97
VIOLATION 2007	66157
MISDEMEANOR 2002	256
FELONY 1995	56
FELONY 1986	17
VIOLATION 1998	8
FELONY 2013	153730
VIOLATION 2012	58172
FELONY 1968	3
FELONY 2000	522
MISDEMEANOR 2008	302578
FELONY 1908	1
MISDEMEANOR 1960	5
MISDEMEANOR 1973	1
MISDEMEANOR 1922	1
VIOLATION 1914	1
FELONY 1911	3
VIOLATION 1981	2
VIOLATION 2006	69690
VIOLATION 1942	2
FELONY 2001	653
FELONY 1909	2
MISDEMEANOR 2003	462
FELONY 1987	9
FELONY 1969	2
VIOLATION 1999	2
VIOLATION 2013	58745
FELONY 2012	153697
MISDEMEANOR 2009	301357
FELONY 1956	1
VIOLATION 1962	2
FELONY 1910	5
MISDEMEANOR 1961	1
VIOLATION 1955	2
MISDEMEANOR 1972	1
FELONY 1994	44
VIOLATION 1920	1
FELONY 1945	2
MISDEMEANOR 1915	3
MISDEMEANOR 2000	324
FELONY 1966	8
VIOLATION 2014	62877
FELONY 1955	1
FELONY 2011	148082
MISDEMEANOR 1995	15
MISDEMEANOR 1959	1
FELONY 1946	1
VIOLATION 1965	1
MISDEMEANOR 1971	2
MISDEMEANOR 1962	1
VIOLATION 2005	891
FELONY 2008	164027
VIOLATION	91
FELONY 1920	1
FELONY 2002	763
MISDEMEANOR 1968	6
FELONY 1988	11
FELONY 1919	1
FELONY 1971	1
MISDEMEANOR 1988	5
VIOLATION 1930	1
VIOLATION 2004	101
MISDEMEANOR 1970	3
FELONY 2009	149714
MISDEMEANOR 1015	3
MISDEMEANOR 2001	295
MISDEMEANOR 1983	1
MISDEMEANOR 1914	6
VIOLATION 2015	62306
FELONY 2010	147513
FELONY 1954	1
MISDEMEANOR 1969	4
FELONY	220
FELONY 1970	3
VIOLATION 1977	1
FELONY 1989	17
MISDEMEANOR 1994	19
MISDEMEANOR 1989	6
VIOLATION 1908	1
FELONY 1905	2
FELONY 2003	1018
