MANHATTAN, 1015	2
MANHATTAN, 2010	121669
BRONX, 2008	114235
BRONX, 1920	3
MANHATTAN, 1912	5
QUEENS, 2014	100087
BROOKLYN, 1980	3
STATEN ISLAND, 2012	23611
BRONX, 1980	6
QUEENS, 1994	13
MANHATTAN, 1989	5
BROOKLYN, 1922	1
MANHATTAN, 1994	9
MANHATTAN, 1938	1
QUEENS, 1961	1
QUEENS, 1910	3
QUEENS, 1941	1
MANHATTAN, 1905	1
QUEENS, 2007	106394
BROOKLYN, 1993	15
STATEN ISLAND, 2001	56
BRONX, 1993	3
BRONX, 1999	61
QUEENS, 1987	3
BROOKLYN, 2004	666
MANHATTAN, 1969	2
MANHATTAN, 2011	115687
BRONX, 2009	112795
QUEENS, 1977	1
STATEN ISLAND, 2000	42
MANHATTAN, 1913	2
QUEENS, 1911	2
BROOKLYN, 1981	1
STATEN ISLAND, 2013	22612
BRONX, 1981	1
QUEENS, 1995	16
BRONX, 1992	12
MANHATTAN, 1995	11
MANHATTAN, 1968	4
BRONX, 1998	47
QUEENS, 2015	92981
BRONX, 1974	5
QUEENS, 2006	107170
BROOKLYN, 1992	16
MANHATTAN, 1920	1
QUEENS, 1908	1
BROOKLYN, 1950	1
MANHATTAN, 1988	3
QUEENS, 1986	8
BROOKLYN, 2005	3292
MANHATTAN, 1982	1
BRONX, 2000	197
STATEN ISLAND, 1987	1
BRONX, 1962	1
QUEENS, 1954	1
MANHATTAN, 1910	1
BROOKLYN, 1964	1
BROOKLYN, 1940	1
MANHATTAN, 1972	1
QUEENS, 1996	27
BROOKLYN, 2011	151808
BRONX, 2013	104062
MANHATTAN, 2001	203
STATEN ISLAND, 1994	7
BRONX, 1977	1
STATEN ISLAND, 2009	24173
QUEENS, 2005	2330
BROOKLYN, 1973	1
BROOKLYN, 2002	388
MANHATTAN, 1909	1
BRONX, 1991	7
STATEN ISLAND, 1972	1
QUEENS, 1985	3
BROOKLYN, 1911	1
BRONX, 2001	218
MANHATTAN, 1946	1
BRONX, 1978	1
QUEENS, 1975	2
BROOKLYN, 1015	2
QUEENS, 1913	3
BROOKLYN, 1965	2
MANHATTAN, 1973	2
QUEENS, 1997	25
BROOKLYN, 2010	152342
BRONX, 2012	106883
MANHATTAN, 2000	171
MANHATTAN, 1960	4
STATEN ISLAND, 1995	1
QUEENS, 1948	1
BRONX, 1976	1
STATEN ISLAND, 2008	26881
BROOKLYN, 1972	1
QUEENS, 2004	436
MANHATTAN, 1908	1
BROOKLYN, 1910	3
BRONX, 1990	11
STATEN ISLAND, 1973	1
BROOKLYN, 2003	548
BRONX, 2002	212
STATEN ISLAND, 1985	1
BRONX, 1960	1
BROOKLYN, 1986	7
STATEN ISLAND, 2014	22711
BROOKLYN, 1966	7
MANHATTAN, 1950	1
MANHATTAN, 1992	8
BROOKLYN, 1919	1
QUEENS, 1990	5
BROOKLYN, 2013	149559
MANHATTAN, 2009	124574
BRONX, 2011	108765
MANHATTAN, 2003	300
STATEN ISLAND, 1996	7
QUEENS, 1965	1
STATEN ISLAND, 1998	9
QUEENS, 1945	1
BROOKLYN, 1900	2
BROOKLYN, 1995	27
STATEN ISLAND, 2007	26156
BROOKLYN, 1971	2
BROOKLYN, 1955	2
BROOKLYN, 2000	282
MANHATTAN, 1985	3
STATEN ISLAND, 1970	1
QUEENS, 1983	1
BROOKLYN, 1913	3
BRONX, 2003	307
STATEN ISLAND, 1984	1
QUEENS, 1973	1
QUEENS, 1979	1
BROOKLYN, 1987	5
STATEN ISLAND, 2015	21714
BROOKLYN, 1967	3
STATEN ISLAND, 1942	1
MANHATTAN, 1993	11
QUEENS, 1991	5
BROOKLYN, 2012	154691
MANHATTAN, 2008	128380
BRONX, 2010	112169
BRONX, 1015	1
MANHATTAN, 2002	186
BRONX, 1930	1
STATEN ISLAND, 1997	8
BRONX, 1914	4
STATEN ISLAND, 1999	16
BRONX, 1970	2
BROOKLYN, 1994	25
MANHATTAN, 1900	3
STATEN ISLAND, 2006	27542
BROOKLYN, 1970	3
BROOKLYN, 1954	1
MANHATTAN, 1984	1
BROOKLYN, 2001	339
QUEENS, 1982	2
BROOKLYN, 1912	2
MANHATTAN, 2014	113096
BRONX, 2004	408
BROOKLYN, 1977	1
MANHATTAN, 1967	1
BRONX, 1968	2
MANHATTAN, 1958	1
BRONX, 1966	11
QUEENS, 1914	3
MANHATTAN, 1941	1
BROOKLYN, 1984	3
MANHATTAN, 1974	2
MANHATTAN, 1914	2
BROOKLYN, 1960	2
BRONX, 1984	2
STATEN ISLAND, 1967	3
QUEENS, 1998	42
MANHATTAN, 1990	2
QUEENS, 1992	6
QUEENS, 2010	99436
MANHATTAN, 2005	2579
BROOKLYN, 1997	53
QUEENS, 1967	1
BRONX, 1913	1
QUEENS, 2003	305
BROOKLYN, 1979	5
BRONX, 1973	2
BRONX, 1955	1
STATEN ISLAND, 2005	554
BROOKLYN, 1999	109
BRONX, 1997	26
STATEN ISLAND, 1978	1
BROOKLYN, 2008	155913
MANHATTAN, 1987	1
QUEENS, 2009	98917
QUEENS, 1981	2
STATEN ISLAND, 2004	121
BRONX, 2005	1984
BROOKLYN, 1976	1
MANHATTAN, 2015	110580
QUEENS, 1971	1
BRONX, 1967	5
STATEN ISLAND, 1988	1
QUEENS, 1915	2
BROOKLYN, 1985	4
MANHATTAN, 1915	1
MANHATTAN, 1966	6
MANHATTAN, 1975	4
STATEN ISLAND, 1966	1
QUEENS, 1999	84
BROOKLYN, 1945	1
MANHATTAN, 1991	4
STATEN ISLAND, 1968	1
QUEENS, 1993	11
QUEENS, 2011	98641
BRONX, 1985	7
BROOKLYN, 1909	2
MANHATTAN, 2004	461
STATEN ISLAND, 1991	1
QUEENS, 1966	1
BRONX, 1912	2
QUEENS, 2002	207
BROOKLYN, 1996	39
BRONX, 1972	2
QUEENS, 2008	103266
BROOKLYN, 1998	82
BRONX, 1996	28
BROOKLYN, 2009	150487
MANHATTAN, 1986	2
MANHATTAN, 2012	119863
BRONX, 2006	114329
BRONX, 1988	2
BRONX, 1908	1
BROOKLYN, 1962	2
STATEN ISLAND, 1981	2
QUEENS, 1950	1
QUEENS, 2012	99080
BROOKLYN, 1982	4
MANHATTAN, 1956	1
BROOKLYN, 1906	1
STATEN ISLAND, 2010	24109
MANHATTAN, 1998	36
BROOKLYN, 1988	6
BRONX, 1986	10
BROOKLYN, 1920	2
MANHATTAN, 1996	19
BROOKLYN, 1915	4
QUEENS, 1015	2
BRONX, 2015	102950
QUEENS, 1905	1
MANHATTAN, 2007	130743
BROOKLYN, 2006	160029
STATEN ISLAND, 1992	2
BROOKLYN, 2015	140351
QUEENS, 1969	3
BROOKLYN, 1968	3
BRONX, 1911	4
MANHATTAN, 1976	1
QUEENS, 2001	168
BROOKLYN, 1991	10
MANHATTAN, 1978	3
STATEN ISLAND, 2003	73
BROOKLYN, 1975	2
BRONX, 1995	18
QUEENS, 1989	4
BROOKLYN, 1959	2
MANHATTAN, 1981	2
MANHATTAN, 1965	2
BROOKLYN, 1983	2
MANHATTAN, 2013	117743
BRONX, 2007	117561
STATEN ISLAND, 1993	2
BRONX, 1987	2
STATEN ISLAND, 1980	1
BRONX, 1929	1
QUEENS, 2013	100908
BROOKLYN, 1969	1
MANHATTAN, 1979	3
MANHATTAN, 1997	19
STATEN ISLAND, 2011	23297
BROOKLYN, 1989	7
MANHATTAN, 1999	63
STATEN ISLAND, 1960	1
BROOKLYN, 2014	148453
BRONX, 1989	7
MANHATTAN, 1977	5
BRONX, 2014	106016
MANHATTAN, 2006	129603
BROOKLYN, 1914	1
QUEENS, 1942	1
BRONX, 1910	2
QUEENS, 2000	209
BROOKLYN, 1990	16
STATEN ISLAND, 2002	45
BROOKLYN, 1974	2
BRONX, 1994	9
QUEENS, 1988	4
BROOKLYN, 2007	156347
MANHATTAN, 1980	3
