MISDEMEANOR 2011	294697
VIOLATION 2009	59875
MISDEMEANOR 2010	303605
VIOLATION 2008	62070
MISDEMEANOR 2006	294369
MISDEMEANOR 2013	282483
MISDEMEANOR 2007	303079
MISDEMEANOR 2012	292259
VIOLATION 2010	58607
FELONY 2006	174965
MISDEMEANOR 2015	260133
FELONY 2015	146137
VIOLATION 2011	55419
FELONY 2014	150716
MISDEMEANOR 2014	276770
FELONY 2007	167965
VIOLATION 2007	66157
VIOLATION 2012	58172
FELONY 2013	153730
MISDEMEANOR 2008	302578
VIOLATION 2006	69690
VIOLATION 2013	58745
FELONY 2012	153697
MISDEMEANOR 2009	301357
VIOLATION 2014	62877
FELONY 2008	164027
FELONY 2011	148082
VIOLATION 2015	62306
FELONY 2009	149714
FELONY 2010	147513
