01/01/2010	2343
01/01/2008	2273
01/01/2007	2259
01/01/2011	2253
01/01/2014	2211
01/01/2006	2151
08/01/2007	2053
01/01/2009	2036
01/01/2013	2030
01/01/2012	2025
11/01/2006	2016
08/01/2008	1968
06/01/2007	1958
06/01/2006	1954
06/01/2011	1930
06/01/2012	1906
11/01/2007	1905
07/01/2008	1879
05/01/2007	1867
05/01/2009	1866
07/01/2006	1854
05/05/2006	1853
11/01/2008	1846
12/01/2006	1845
08/01/2006	1845
08/01/2009	1842
09/01/2006	1842
09/01/2012	1829
10/01/2010	1829
09/01/2010	1824
05/01/2006	1823
09/01/2007	1821
11/01/2013	1818
05/01/2015	1817
09/01/2009	1814
08/01/2014	1811
06/20/2006	1809
10/01/2007	1809
06/20/2008	1797
02/01/2008	1792
04/01/2015	1791
04/01/2008	1791
07/01/2009	1789
01/15/2010	1785
10/05/2007	1784
03/01/2006	1783
06/01/2010	1779
07/01/2011	1778
07/01/2010	1776
01/01/2015	1771
