U.S. PARK POLICE	185
DISTRICT ATTORNEY OFFICE	1
N.Y. POLICE DEPT	4538344
AMTRACK	153
N.Y. HOUSING POLICE	390853
NYS DEPT ENVIRONMENTAL CONSERVATION	1
LONG ISLAND RAILRD	439
PORT AUTHORITY	24657
STATN IS RAPID TRANS	306
HEALTH & HOSP CORP	2590
FIRE DEPT (FIRE MARSHAL)	514
N.Y. TRANSIT POLICE	108817
CONRAIL	14
NYC DEPT ENVIRONMENTAL PROTECTION	14
NEW YORK CITY SHERIFF OFFICE	134
OTHER	13575
SEA GATE POLICE DEPT	30
TRI-BORO BRDG TUNNL	4633
POLICE DEPT NYC	8986
N.Y. STATE POLICE	1209
METRO NORTH	531
DEPT OF CORRECTIONS	4825
NYC PARKS	71
NYS DEPT TAX AND FINANCE	77
N.Y. STATE PARKS	272
