MISDEMEANOR 10 2011	24430
MISDEMEANOR 03 2011	25489
MISDEMEANOR 02 2011	22422
MISDEMEANOR 11 2011	24189
MISDEMEANOR 06 2011	25924
FELONY 08 2011	13161
FELONY 06 2011	12764
VIOLATION 08 2011	4675
MISDEMEANOR 09 2011	23716
FELONY 04 2011	11816
VIOLATION 09 2011	4845
VIOLATION 07 2011	5028
MISDEMEANOR 05 2011	26106
VIOLATION 02 2011	3910
VIOLATION 11 2011	4496
MISDEMEANOR 07 2011	26660
VIOLATION 03 2011	4580
VIOLATION 12 2011	4368
VIOLATION 01 2011	4307
MISDEMEANOR 08 2011	25121
VIOLATION 10 2011	4655
FELONY 03 2011	11698
FELONY 07 2011	13213
VIOLATION 04 2011	4442
FELONY 10 2011	12895
FELONY 11 2011	12503
FELONY 09 2011	12858
FELONY 05 2011	12624
FELONY 12 2011	12965
VIOLATION 06 2011	5103
MISDEMEANOR 01 2011	22571
MISDEMEANOR 12 2011	23274
FELONY 01 2011	11379
MISDEMEANOR 04 2011	24795
FELONY 02 2011	10206
VIOLATION 05 2011	5010
