MISDEMEANOR 04 2009	24859
MISDEMEANOR 11 2009	24173
FELONY 06 2009	12438
MISDEMEANOR 02 2009	22684
VIOLATION 02 2009	4114
FELONY 07 2009	13121
VIOLATION 11 2009	4844
FELONY 10 2009	13408
VIOLATION 07 2009	5448
FELONY 12 2009	12310
VIOLATION 08 2009	5417
VIOLATION 06 2009	5328
FELONY 01 2009	12335
FELONY 05 2009	12650
VIOLATION 01 2009	4650
VIOLATION 12 2009	4379
MISDEMEANOR 06 2009	25589
VIOLATION 03 2009	4997
VIOLATION 10 2009	5220
FELONY 02 2009	10610
VIOLATION 05 2009	5415
MISDEMEANOR 07 2009	26659
MISDEMEANOR 08 2009	27122
FELONY 08 2009	13504
FELONY 11 2009	12662
FELONY 03 2009	11949
VIOLATION 04 2009	4787
MISDEMEANOR 03 2009	25875
MISDEMEANOR 12 2009	22599
MISDEMEANOR 01 2009	24096
MISDEMEANOR 10 2009	26089
MISDEMEANOR 09 2009	25304
VIOLATION 09 2009	5276
FELONY 04 2009	11755
FELONY 09 2009	12972
MISDEMEANOR 05 2009	26308
