MISDEMEANOR 02 2010	20434
MISDEMEANOR 11 2010	24120
FELONY 08 2010	12898
MISDEMEANOR 06 2010	26811
FELONY 06 2010	12473
MISDEMEANOR 03 2010	25587
MISDEMEANOR 10 2010	27277
FELONY 04 2010	11735
VIOLATION 09 2010	5271
VIOLATION 07 2010	5119
VIOLATION 08 2010	5023
MISDEMEANOR 09 2010	26120
VIOLATION 03 2010	5019
VIOLATION 10 2010	5046
VIOLATION 01 2010	4631
MISDEMEANOR 08 2010	26386
VIOLATION 12 2010	4126
MISDEMEANOR 05 2010	27056
VIOLATION 02 2010	4006
MISDEMEANOR 07 2010	26864
VIOLATION 11 2010	4704
FELONY 11 2010	12445
VIOLATION 04 2010	5127
FELONY 03 2010	11933
FELONY 07 2010	13186
FELONY 10 2010	13503
FELONY 02 2010	9746
MISDEMEANOR 04 2010	26047
VIOLATION 05 2010	5312
FELONY 09 2010	13027
FELONY 12 2010	11607
FELONY 05 2010	12561
VIOLATION 06 2010	5223
MISDEMEANOR 12 2010	21022
FELONY 01 2010	12399
MISDEMEANOR 01 2010	25881
