MISDEMEANOR 12 2013	21890
MISDEMEANOR 01 2013	22846
VIOLATION 09 2013	5309
VIOLATION 02 2013	4119
MISDEMEANOR 07 2013	25106
VIOLATION 11 2013	4905
MISDEMEANOR 08 2013	25224
MISDEMEANOR 02 2013	20264
VIOLATION 12 2013	4559
VIOLATION 01 2013	4737
MISDEMEANOR 06 2013	23936
MISDEMEANOR 11 2013	22881
FELONY 08 2013	13930
VIOLATION 08 2013	5141
MISDEMEANOR 09 2013	24511
FELONY 04 2013	12075
FELONY 11 2013	12709
VIOLATION 07 2013	5222
FELONY 09 2013	13394
MISDEMEANOR 05 2013	24601
FELONY 05 2013	12987
VIOLATION 06 2013	4965
FELONY 01 2013	12345
FELONY 12 2013	13001
FELONY 02 2013	10400
VIOLATION 10 2013	5477
VIOLATION 03 2013	4549
VIOLATION 05 2013	5078
MISDEMEANOR 04 2013	23365
MISDEMEANOR 03 2013	22900
FELONY 03 2013	11751
VIOLATION 04 2013	4684
FELONY 10 2013	13949
MISDEMEANOR 10 2013	24959
FELONY 07 2013	14045
FELONY 06 2013	13144
