FELONY 08 2007	15159
MISDEMEANOR 07 2007	26512
MISDEMEANOR 09 2007	26141
FELONY 03 2007	13116
MISDEMEANOR 08 2007	26878
VIOLATION 07 2007	5926
FELONY 11 2007	13881
FELONY 02 2007	11233
FELONY 10 2007	15092
FELONY 07 2007	14859
VIOLATION 04 2007	5366
FELONY 04 2007	12682
MISDEMEANOR 02 2007	21180
VIOLATION 05 2007	6108
MISDEMEANOR 11 2007	23948
MISDEMEANOR 05 2007	27042
MISDEMEANOR 10 2007	27051
MISDEMEANOR 03 2007	25232
VIOLATION 03 2007	5336
MISDEMEANOR 06 2007	26038
FELONY 06 2007	14211
VIOLATION 09 2007	6190
VIOLATION 10 2007	5931
VIOLATION 08 2007	5597
FELONY 05 2007	14471
MISDEMEANOR 12 2007	23148
MISDEMEANOR 01 2007	25429
FELONY 12 2007	14164
VIOLATION 01 2007	5306
MISDEMEANOR 04 2007	24480
VIOLATION 12 2007	4848
VIOLATION 06 2007	6047
VIOLATION 11 2007	5001
FELONY 09 2007	14724
FELONY 01 2007	14373
VIOLATION 02 2007	4501
