VIOLATION 11 2015	5018
FELONY 03 2015	11316
VIOLATION 02 2015	3989
MISDEMEANOR 07 2015	24475
VIOLATION 04 2015	4998
FELONY 09 2015	13038
FELONY 07 2015	13543
VIOLATION 06 2015	5578
FELONY 10 2015	13220
FELONY 01 2015	11258
FELONY 11 2015	12105
FELONY 02 2015	9679
MISDEMEANOR 12 2015	19285
FELONY 12 2015	11417
MISDEMEANOR 10 2015	21930
FELONY 05 2015	12680
MISDEMEANOR 01 2015	18855
MISDEMEANOR 03 2015	21506
VIOLATION 05 2015	5742
MISDEMEANOR 02 2015	17286
MISDEMEANOR 04 2015	22447
MISDEMEANOR 11 2015	20135
VIOLATION 08 2015	5895
FELONY 08 2015	13917
FELONY 06 2015	12212
MISDEMEANOR 06 2015	23312
FELONY 04 2015	11752
VIOLATION 09 2015	5662
MISDEMEANOR 09 2015	22366
MISDEMEANOR 05 2015	24026
MISDEMEANOR 08 2015	24510
VIOLATION 12 2015	4867
VIOLATION 03 2015	4844
VIOLATION 07 2015	5916
VIOLATION 01 2015	4364
VIOLATION 10 2015	5433
