MISDEMEANOR 07 2014	24685
VIOLATION 11 2014	4674
FELONY 03 2014	11892
VIOLATION 02 2014	4057
FELONY 11 2014	12049
FELONY 02 2014	10497
VIOLATION 04 2014	4844
FELONY 09 2014	13043
FELONY 10 2014	13782
VIOLATION 06 2014	6178
FELONY 07 2014	13894
FELONY 01 2014	12269
MISDEMEANOR 11 2014	21081
VIOLATION 05 2014	5938
MISDEMEANOR 02 2014	19922
MISDEMEANOR 04 2014	23064
FELONY 05 2014	13060
MISDEMEANOR 12 2014	18614
MISDEMEANOR 10 2014	24528
MISDEMEANOR 01 2014	22352
FELONY 12 2014	11689
MISDEMEANOR 03 2014	23835
FELONY 08 2014	13747
MISDEMEANOR 06 2014	23689
FELONY 06 2014	13015
FELONY 04 2014	11779
VIOLATION 09 2014	5650
VIOLATION 08 2014	5548
MISDEMEANOR 08 2014	25530
VIOLATION 12 2014	4658
VIOLATION 10 2014	5658
VIOLATION 01 2014	4513
VIOLATION 07 2014	6308
VIOLATION 03 2014	4851
MISDEMEANOR 09 2014	24069
MISDEMEANOR 05 2014	25401
