FELONY 03 2006	14202
MISDEMEANOR 07 2006	25771
MISDEMEANOR 09 2006	24515
FELONY 08 2006	15652
FELONY 10 2006	15623
FELONY 07 2006	15255
VIOLATION 04 2006	5636
FELONY 11 2006	14466
VIOLATION 07 2006	6252
MISDEMEANOR 08 2006	25748
FELONY 02 2006	11959
MISDEMEANOR 05 2006	25564
MISDEMEANOR 10 2006	25297
MISDEMEANOR 03 2006	25096
FELONY 04 2006	13418
VIOLATION 05 2006	6314
MISDEMEANOR 11 2006	23408
MISDEMEANOR 02 2006	21283
MISDEMEANOR 01 2006	24450
VIOLATION 08 2006	5895
MISDEMEANOR 12 2006	23330
FELONY 05 2006	14946
FELONY 12 2006	14744
MISDEMEANOR 06 2006	25415
VIOLATION 03 2006	5919
FELONY 06 2006	14601
VIOLATION 10 2006	5950
VIOLATION 09 2006	6020
FELONY 01 2006	14971
FELONY 09 2006	15128
VIOLATION 11 2006	5424
VIOLATION 06 2006	6198
VIOLATION 02 2006	4988
MISDEMEANOR 04 2006	24492
VIOLATION 01 2006	5875
VIOLATION 12 2006	5219
