12/27/2010	450
12/26/2010	645
12/31/2015	693
02/12/2006	724
08/28/2011	738
10/29/2012	761
12/25/2010	763
12/25/2012	787
12/28/2010	788
01/27/2015	803
11/27/2014	821
10/30/2012	832
12/25/2014	842
02/10/2010	843
12/25/2011	847
12/25/2009	857
12/25/2013	872
03/02/2009	877
01/04/2015	877
11/07/2012	877
02/13/2014	878
12/25/2008	879
02/02/2015	880
11/26/2009	881
12/25/2015	882
12/25/2006	897
11/24/2011	897
11/22/2012	897
11/27/2008	901
11/25/2010	914
02/09/2013	915
01/26/2015	919
11/26/2015	920
12/31/2014	926
12/20/2009	928
12/28/2014	929
02/26/2010	933
01/06/2015	945
01/27/2011	945
02/03/2015	948
12/24/2014	949
11/06/2012	954
01/07/2015	958
02/16/2015	959
12/29/2014	962
12/29/2010	962
12/30/2015	968
01/03/2014	971
11/23/2006	971
01/18/2015	973
