VIOLATION 09 2012	5024
MISDEMEANOR 12 2012	22349
MISDEMEANOR 01 2012	24817
MISDEMEANOR 08 2012	26367
MISDEMEANOR 02 2012	23383
VIOLATION 01 2012	4534
MISDEMEANOR 11 2012	19753
MISDEMEANOR 06 2012	24879
VIOLATION 12 2012	4257
FELONY 08 2012	14001
MISDEMEANOR 07 2012	26022
VIOLATION 02 2012	4371
VIOLATION 11 2012	4146
FELONY 04 2012	12016
FELONY 11 2012	11961
VIOLATION 07 2012	5255
VIOLATION 08 2012	5193
MISDEMEANOR 09 2012	24521
FELONY 02 2012	11416
MISDEMEANOR 04 2012	24633
VIOLATION 03 2012	5143
VIOLATION 05 2012	5372
VIOLATION 10 2012	4772
FELONY 09 2012	13057
MISDEMEANOR 05 2012	26015
FELONY 05 2012	13457
VIOLATION 06 2012	5168
FELONY 01 2012	12449
FELONY 12 2012	12639
FELONY 06 2012	13126
FELONY 03 2012	12313
MISDEMEANOR 03 2012	25723
VIOLATION 04 2012	4937
FELONY 10 2012	13331
MISDEMEANOR 10 2012	23797
FELONY 07 2012	13931
