VIOLATION 02 2008	4519
VIOLATION 11 2008	4694
FELONY 07 2008	14387
FELONY 10 2008	14526
MISDEMEANOR 04 2008	24887
MISDEMEANOR 11 2008	23053
MISDEMEANOR 02 2008	23229
FELONY 06 2008	13812
FELONY 12 2008	13410
FELONY 05 2008	13700
VIOLATION 08 2008	5487
VIOLATION 06 2008	5700
FELONY 01 2008	13989
VIOLATION 07 2008	5525
MISDEMEANOR 07 2008	26671
VIOLATION 12 2008	4471
VIOLATION 10 2008	5179
VIOLATION 03 2008	5123
FELONY 02 2008	11994
VIOLATION 01 2008	5046
VIOLATION 05 2008	5332
MISDEMEANOR 06 2008	26082
FELONY 03 2008	12993
MISDEMEANOR 12 2008	22552
VIOLATION 04 2008	5323
MISDEMEANOR 10 2008	25682
MISDEMEANOR 01 2008	26355
MISDEMEANOR 03 2008	26070
MISDEMEANOR 09 2008	24853
FELONY 08 2008	14697
FELONY 11 2008	13354
MISDEMEANOR 08 2008	26913
FELONY 09 2008	14288
MISDEMEANOR 05 2008	26231
VIOLATION 09 2008	5671
FELONY 04 2008	12877
