FELONY 03 2006	14202
MISDEMEANOR 07 2006	25771
MISDEMEANOR 09 2006	24515
FELONY 08 2006	15652
FELONY 10 2006	15623
FELONY 07 2006	15255
VIOLATION 04 2006	5636
FELONY 11 2006	14466
VIOLATION 07 2006	6252
MISDEMEANOR 08 2006	25748
FELONY 02 2006	11959
MISDEMEANOR 05 2006	25564
MISDEMEANOR 10 2006	25297
MISDEMEANOR 03 2006	25096
FELONY 04 2006	13418
VIOLATION 05 2006	6314
MISDEMEANOR 11 2006	23408
MISDEMEANOR 02 2006	21283
MISDEMEANOR 01 2006	24450
VIOLATION 08 2006	5895
MISDEMEANOR 12 2006	23330
FELONY 05 2006	14946
FELONY 12 2006	14744
MISDEMEANOR 06 2006	25415
VIOLATION 03 2006	5919
FELONY 06 2006	14601
VIOLATION 10 2006	5950
VIOLATION 09 2006	6020
FELONY 01 2006	14971
FELONY 09 2006	15128
VIOLATION 11 2006	5424
VIOLATION 06 2006	6198
VIOLATION 02 2006	4988
MISDEMEANOR 04 2006	24492
VIOLATION 01 2006	5875
VIOLATION 12 2006	5219
FELONY 08 2007	15159
MISDEMEANOR 07 2007	26512
MISDEMEANOR 09 2007	26141
FELONY 03 2007	13116
MISDEMEANOR 08 2007	26878
VIOLATION 07 2007	5926
FELONY 11 2007	13881
FELONY 02 2007	11233
FELONY 10 2007	15092
FELONY 07 2007	14859
VIOLATION 04 2007	5366
FELONY 04 2007	12682
MISDEMEANOR 02 2007	21180
VIOLATION 05 2007	6108
MISDEMEANOR 11 2007	23948
MISDEMEANOR 05 2007	27042
MISDEMEANOR 10 2007	27051
MISDEMEANOR 03 2007	25232
VIOLATION 03 2007	5336
MISDEMEANOR 06 2007	26038
FELONY 06 2007	14211
VIOLATION 09 2007	6190
VIOLATION 10 2007	5931
VIOLATION 08 2007	5597
FELONY 05 2007	14471
MISDEMEANOR 12 2007	23148
MISDEMEANOR 01 2007	25429
FELONY 12 2007	14164
VIOLATION 01 2007	5306
MISDEMEANOR 04 2007	24480
VIOLATION 12 2007	4848
VIOLATION 06 2007	6047
VIOLATION 11 2007	5001
FELONY 09 2007	14724
FELONY 01 2007	14373
VIOLATION 02 2007	4501
VIOLATION 02 2008	4519
VIOLATION 11 2008	4694
FELONY 07 2008	14387
FELONY 10 2008	14526
MISDEMEANOR 04 2008	24887
MISDEMEANOR 11 2008	23053
MISDEMEANOR 02 2008	23229
FELONY 06 2008	13812
FELONY 12 2008	13410
FELONY 05 2008	13700
VIOLATION 08 2008	5487
VIOLATION 06 2008	5700
FELONY 01 2008	13989
VIOLATION 07 2008	5525
MISDEMEANOR 07 2008	26671
VIOLATION 12 2008	4471
VIOLATION 10 2008	5179
VIOLATION 03 2008	5123
FELONY 02 2008	11994
VIOLATION 01 2008	5046
VIOLATION 05 2008	5332
MISDEMEANOR 06 2008	26082
FELONY 03 2008	12993
MISDEMEANOR 12 2008	22552
VIOLATION 04 2008	5323
MISDEMEANOR 10 2008	25682
MISDEMEANOR 01 2008	26355
MISDEMEANOR 03 2008	26070
MISDEMEANOR 09 2008	24853
FELONY 08 2008	14697
FELONY 11 2008	13354
MISDEMEANOR 08 2008	26913
FELONY 09 2008	14288
MISDEMEANOR 05 2008	26231
VIOLATION 09 2008	5671
FELONY 04 2008	12877
MISDEMEANOR 04 2009	24859
MISDEMEANOR 11 2009	24173
FELONY 06 2009	12438
MISDEMEANOR 02 2009	22684
VIOLATION 02 2009	4114
FELONY 07 2009	13121
VIOLATION 11 2009	4844
FELONY 10 2009	13408
VIOLATION 07 2009	5448
FELONY 12 2009	12310
VIOLATION 08 2009	5417
VIOLATION 06 2009	5328
FELONY 01 2009	12335
FELONY 05 2009	12650
VIOLATION 01 2009	4650
VIOLATION 12 2009	4379
MISDEMEANOR 06 2009	25589
VIOLATION 03 2009	4997
VIOLATION 10 2009	5220
FELONY 02 2009	10610
VIOLATION 05 2009	5415
MISDEMEANOR 07 2009	26659
MISDEMEANOR 08 2009	27122
FELONY 08 2009	13504
FELONY 11 2009	12662
FELONY 03 2009	11949
VIOLATION 04 2009	4787
MISDEMEANOR 03 2009	25875
MISDEMEANOR 12 2009	22599
MISDEMEANOR 01 2009	24096
MISDEMEANOR 10 2009	26089
MISDEMEANOR 09 2009	25304
VIOLATION 09 2009	5276
FELONY 04 2009	11755
FELONY 09 2009	12972
MISDEMEANOR 05 2009	26308
MISDEMEANOR 02 2010	20434
MISDEMEANOR 11 2010	24120
FELONY 08 2010	12898
MISDEMEANOR 06 2010	26811
FELONY 06 2010	12473
MISDEMEANOR 03 2010	25587
MISDEMEANOR 10 2010	27277
FELONY 04 2010	11735
VIOLATION 09 2010	5271
VIOLATION 07 2010	5119
VIOLATION 08 2010	5023
MISDEMEANOR 09 2010	26120
VIOLATION 03 2010	5019
VIOLATION 10 2010	5046
VIOLATION 01 2010	4631
MISDEMEANOR 08 2010	26386
VIOLATION 12 2010	4126
MISDEMEANOR 05 2010	27056
VIOLATION 02 2010	4006
MISDEMEANOR 07 2010	26864
VIOLATION 11 2010	4704
FELONY 11 2010	12445
VIOLATION 04 2010	5127
FELONY 03 2010	11933
FELONY 07 2010	13186
FELONY 10 2010	13503
FELONY 02 2010	9746
MISDEMEANOR 04 2010	26047
VIOLATION 05 2010	5312
FELONY 09 2010	13027
FELONY 12 2010	11607
FELONY 05 2010	12561
VIOLATION 06 2010	5223
MISDEMEANOR 12 2010	21022
FELONY 01 2010	12399
MISDEMEANOR 01 2010	25881
MISDEMEANOR 10 2011	24430
MISDEMEANOR 03 2011	25489
MISDEMEANOR 02 2011	22422
MISDEMEANOR 11 2011	24189
MISDEMEANOR 06 2011	25924
FELONY 08 2011	13161
FELONY 06 2011	12764
VIOLATION 08 2011	4675
MISDEMEANOR 09 2011	23716
FELONY 04 2011	11816
VIOLATION 09 2011	4845
VIOLATION 07 2011	5028
MISDEMEANOR 05 2011	26106
VIOLATION 02 2011	3910
VIOLATION 11 2011	4496
MISDEMEANOR 07 2011	26660
VIOLATION 03 2011	4580
VIOLATION 12 2011	4368
VIOLATION 01 2011	4307
MISDEMEANOR 08 2011	25121
VIOLATION 10 2011	4655
FELONY 03 2011	11698
FELONY 07 2011	13213
VIOLATION 04 2011	4442
FELONY 10 2011	12895
FELONY 11 2011	12503
FELONY 09 2011	12858
FELONY 05 2011	12624
FELONY 12 2011	12965
VIOLATION 06 2011	5103
MISDEMEANOR 01 2011	22571
MISDEMEANOR 12 2011	23274
FELONY 01 2011	11379
MISDEMEANOR 04 2011	24795
FELONY 02 2011	10206
VIOLATION 05 2011	5010
VIOLATION 09 2012	5024
MISDEMEANOR 12 2012	22349
MISDEMEANOR 01 2012	24817
MISDEMEANOR 08 2012	26367
MISDEMEANOR 02 2012	23383
VIOLATION 01 2012	4534
MISDEMEANOR 11 2012	19753
MISDEMEANOR 06 2012	24879
VIOLATION 12 2012	4257
FELONY 08 2012	14001
MISDEMEANOR 07 2012	26022
VIOLATION 02 2012	4371
VIOLATION 11 2012	4146
FELONY 04 2012	12016
FELONY 11 2012	11961
VIOLATION 07 2012	5255
VIOLATION 08 2012	5193
MISDEMEANOR 09 2012	24521
FELONY 02 2012	11416
MISDEMEANOR 04 2012	24633
VIOLATION 03 2012	5143
VIOLATION 05 2012	5372
VIOLATION 10 2012	4772
FELONY 09 2012	13057
MISDEMEANOR 05 2012	26015
FELONY 05 2012	13457
VIOLATION 06 2012	5168
FELONY 01 2012	12449
FELONY 12 2012	12639
FELONY 06 2012	13126
FELONY 03 2012	12313
MISDEMEANOR 03 2012	25723
VIOLATION 04 2012	4937
FELONY 10 2012	13331
MISDEMEANOR 10 2012	23797
FELONY 07 2012	13931
MISDEMEANOR 12 2013	21890
MISDEMEANOR 01 2013	22846
VIOLATION 09 2013	5309
VIOLATION 02 2013	4119
MISDEMEANOR 07 2013	25106
VIOLATION 11 2013	4905
MISDEMEANOR 08 2013	25224
MISDEMEANOR 02 2013	20264
VIOLATION 12 2013	4559
VIOLATION 01 2013	4737
MISDEMEANOR 06 2013	23936
MISDEMEANOR 11 2013	22881
FELONY 08 2013	13930
VIOLATION 08 2013	5141
MISDEMEANOR 09 2013	24511
FELONY 04 2013	12075
FELONY 11 2013	12709
VIOLATION 07 2013	5222
FELONY 09 2013	13394
MISDEMEANOR 05 2013	24601
FELONY 05 2013	12987
VIOLATION 06 2013	4965
FELONY 01 2013	12345
FELONY 12 2013	13001
FELONY 02 2013	10400
VIOLATION 10 2013	5477
VIOLATION 03 2013	4549
VIOLATION 05 2013	5078
MISDEMEANOR 04 2013	23365
MISDEMEANOR 03 2013	22900
FELONY 03 2013	11751
VIOLATION 04 2013	4684
FELONY 10 2013	13949
MISDEMEANOR 10 2013	24959
FELONY 07 2013	14045
FELONY 06 2013	13144
MISDEMEANOR 07 2014	24685
VIOLATION 11 2014	4674
FELONY 03 2014	11892
VIOLATION 02 2014	4057
FELONY 11 2014	12049
FELONY 02 2014	10497
VIOLATION 04 2014	4844
FELONY 09 2014	13043
FELONY 10 2014	13782
VIOLATION 06 2014	6178
FELONY 07 2014	13894
FELONY 01 2014	12269
MISDEMEANOR 11 2014	21081
VIOLATION 05 2014	5938
MISDEMEANOR 02 2014	19922
MISDEMEANOR 04 2014	23064
FELONY 05 2014	13060
MISDEMEANOR 12 2014	18614
MISDEMEANOR 10 2014	24528
MISDEMEANOR 01 2014	22352
FELONY 12 2014	11689
MISDEMEANOR 03 2014	23835
FELONY 08 2014	13747
MISDEMEANOR 06 2014	23689
FELONY 06 2014	13015
FELONY 04 2014	11779
VIOLATION 09 2014	5650
VIOLATION 08 2014	5548
MISDEMEANOR 08 2014	25530
VIOLATION 12 2014	4658
VIOLATION 10 2014	5658
VIOLATION 01 2014	4513
VIOLATION 07 2014	6308
VIOLATION 03 2014	4851
MISDEMEANOR 09 2014	24069
MISDEMEANOR 05 2014	25401
VIOLATION 11 2015	5018
FELONY 03 2015	11316
VIOLATION 02 2015	3989
MISDEMEANOR 07 2015	24475
VIOLATION 04 2015	4998
FELONY 09 2015	13038
FELONY 07 2015	13543
VIOLATION 06 2015	5578
FELONY 10 2015	13220
FELONY 01 2015	11258
FELONY 11 2015	12105
FELONY 02 2015	9679
MISDEMEANOR 12 2015	19285
FELONY 12 2015	11417
MISDEMEANOR 10 2015	21930
FELONY 05 2015	12680
MISDEMEANOR 01 2015	18855
MISDEMEANOR 03 2015	21506
VIOLATION 05 2015	5742
MISDEMEANOR 02 2015	17286
MISDEMEANOR 04 2015	22447
MISDEMEANOR 11 2015	20135
VIOLATION 08 2015	5895
FELONY 08 2015	13917
FELONY 06 2015	12212
MISDEMEANOR 06 2015	23312
FELONY 04 2015	11752
VIOLATION 09 2015	5662
MISDEMEANOR 09 2015	22366
MISDEMEANOR 05 2015	24026
MISDEMEANOR 08 2015	24510
VIOLATION 12 2015	4867
VIOLATION 03 2015	4844
VIOLATION 07 2015	5916
VIOLATION 01 2015	4364
VIOLATION 10 2015	5433
