STATEN ISLAND 01 2006	2209
BRONX 04 2006	9206
QUEENS 07 2006	9417
MANHATTAN 09 2006	11211
 02 2006	71
QUEENS 08 2006	9147
STATEN ISLAND 02 2006	1975
 01 2006	84
MANHATTAN 02 2006	9157
MANHATTAN 03 2006	10769
MANHATTAN 10 2006	11487
STATEN ISLAND 05 2006	2316
STATEN ISLAND 07 2006	2573
STATEN ISLAND 10 2006	2411
STATEN ISLAND 09 2006	2175
QUEENS 05 2006	9376
QUEENS 10 2006	9082
BROOKLYN 08 2006	14282
BROOKLYN 02 2006	11081
QUEENS 03 2006	9056
QUEENS 02 2006	7787
 05 2006	2
STATEN ISLAND 08 2006	2457
BROOKLYN 12 2006	12944
QUEENS 11 2006	8765
 04 2006	98
STATEN ISLAND 03 2006	2233
MANHATTAN 07 2006	11345
BRONX 11 2006	8968
BRONX 02 2006	8159
QUEENS 04 2006	8773
MANHATTAN 11 2006	10514
STATEN ISLAND 04 2006	2226
BRONX 01 2006	9833
BROOKLYN 05 2006	14141
BRONX 12 2006	8958
BROOKLYN 06 2006	13904
BRONX 08 2006	9906
STATEN ISLAND 12 2006	2244
BRONX 03 2006	9951
MANHATTAN 04 2006	10313
BRONX 10 2006	9998
BRONX 09 2006	9804
QUEENS 06 2006	9052
BROOKLYN 10 2006	13892
BROOKLYN 11 2006	12788
QUEENS 09 2006	8935
BRONX 06 2006	9638
MANHATTAN 05 2006	11037
MANHATTAN 01 2006	10652
BROOKLYN 04 2006	12930
QUEENS 12 2006	8692
QUEENS 01 2006	9088
MANHATTAN 12 2006	10455
BROOKLYN 01 2006	13430
BRONX 05 2006	9952
MANHATTAN 08 2006	11503
BROOKLYN 07 2006	13987
BROOKLYN 09 2006	13538
BROOKLYN 03 2006	13112
 03 2006	96
MANHATTAN 06 2006	11160
STATEN ISLAND 06 2006	2460
STATEN ISLAND 11 2006	2263
BRONX 07 2006	9956
QUEENS 08 2007	9532
STATEN ISLAND 02 2007	1761
MANHATTAN 02 2007	9173
BRONX 04 2007	9455
QUEENS 07 2007	9479
MANHATTAN 09 2007	11417
STATEN ISLAND 01 2007	2167
QUEENS 02 2007	7358
QUEENS 11 2007	8425
STATEN ISLAND 08 2007	2298
BROOKLYN 12 2007	12116
MANHATTAN 10 2007	11607
QUEENS 10 2007	9373
STATEN ISLAND 05 2007	2333
MANHATTAN 03 2007	10824
STATEN ISLAND 07 2007	2345
STATEN ISLAND 10 2007	2320
QUEENS 05 2007	9296
STATEN ISLAND 09 2007	2366
BROOKLYN 08 2007	14027
BROOKLYN 02 2007	10434
QUEENS 03 2007	8740
QUEENS 04 2007	8459
MANHATTAN 11 2007	10628
BRONX 01 2007	9920
STATEN ISLAND 04 2007	2064
BROOKLYN 05 2007	13961
BRONX 12 2007	8850
STATEN ISLAND 03 2007	2048
BRONX 02 2007	8188
MANHATTAN 07 2007	11362
BRONX 11 2007	9339
BRONX 10 2007	10369
MANHATTAN 04 2007	10312
BRONX 03 2007	9480
BRONX 09 2007	10461
QUEENS 06 2007	9167
BROOKLYN 10 2007	14405
BROOKLYN 06 2007	13531
STATEN ISLAND 12 2007	2058
BRONX 08 2007	10303
BROOKLYN 01 2007	13273
BRONX 05 2007	10760
BRONX 07 2007	10418
BROOKLYN 07 2007	13693
BROOKLYN 09 2007	13686
BROOKLYN 03 2007	12592
MANHATTAN 06 2007	11231
STATEN ISLAND 11 2007	2047
STATEN ISLAND 06 2007	2349
MANHATTAN 08 2007	11474
BROOKLYN 11 2007	12391
BRONX 06 2007	10018
QUEENS 09 2007	9125
MANHATTAN 01 2007	10941
MANHATTAN 05 2007	11271
BROOKLYN 04 2007	12238
QUEENS 12 2007	8633
QUEENS 01 2007	8807
MANHATTAN 12 2007	10503
MANHATTAN 05 2008	10803
MANHATTAN 09 2008	10917
STATEN ISLAND 02 2008	2007
BRONX 01 2008	10322
BROOKLYN 07 2008	13959
MANHATTAN 02 2008	9604
BRONX 12 2008	8245
BRONX 10 2008	9705
QUEENS 08 2008	9163
BRONX 03 2008	9752
MANHATTAN 12 2008	10105
BRONX 08 2008	9962
QUEENS 09 2008	8864
BRONX 06 2008	10028
BROOKLYN 02 2008	11500
BROOKLYN 11 2008	12125
MANHATTAN 01 2008	11012
STATEN ISLAND 12 2008	1992
BROOKLYN 10 2008	13259
BROOKLYN 03 2008	12824
STATEN ISLAND 08 2008	2372
BROOKLYN 01 2008	13163
BROOKLYN 04 2008	12815
QUEENS 07 2008	9340
BROOKLYN 06 2008	13410
STATEN ISLAND 03 2008	2327
MANHATTAN 07 2008	10989
BRONX 04 2008	9642
MANHATTAN 06 2008	10986
MANHATTAN 08 2008	11526
MANHATTAN 04 2008	10231
BRONX 07 2008	9899
BROOKLYN 05 2008	13634
MANHATTAN 11 2008	10299
STATEN ISLAND 09 2008	2413
QUEENS 12 2008	8029
BRONX 02 2008	8778
MANHATTAN 10 2008	11293
BRONX 11 2008	8447
BROOKLYN 08 2008	14074
MANHATTAN 03 2008	10615
QUEENS 01 2008	8771
BROOKLYN 09 2008	13088
QUEENS 04 2008	8252
STATEN ISLAND 11 2008	2071
QUEENS 02 2008	7853
QUEENS 06 2008	8738
STATEN ISLAND 06 2008	2432
STATEN ISLAND 04 2008	2147
QUEENS 11 2008	8159
STATEN ISLAND 07 2008	2396
STATEN ISLAND 10 2008	2377
STATEN ISLAND 05 2008	2225
QUEENS 10 2008	8753
QUEENS 03 2008	8668
STATEN ISLAND 01 2008	2122
QUEENS 05 2008	8676
BRONX 09 2008	9530
BROOKLYN 12 2008	12062
BRONX 05 2008	9925
BRONX 12 2009	8593
STATEN ISLAND 02 2009	1828
BROOKLYN 07 2009	13857
MANHATTAN 02 2009	9225
BRONX 01 2009	9047
BRONX 03 2009	9652
QUEENS 08 2009	9017
BRONX 10 2009	9815
MANHATTAN 05 2009	10712
MANHATTAN 09 2009	10501
BROOKLYN 10 2009	12931
STATEN ISLAND 08 2009	2065
BROOKLYN 03 2009	12239
BROOKLYN 01 2009	12247
BRONX 08 2009	9968
MANHATTAN 01 2009	10246
MANHATTAN 12 2009	9606
STATEN ISLAND 12 2009	1784
QUEENS 09 2009	8331
BROOKLYN 02 2009	10881
BROOKLYN 11 2009	12058
BRONX 06 2009	9425
MANHATTAN 06 2009	10461
MANHATTAN 04 2009	10208
BRONX 07 2009	9963
BROOKLYN 05 2009	13037
MANHATTAN 11 2009	10172
MANHATTAN 08 2009	10993
BROOKLYN 04 2009	12060
QUEENS 07 2009	8628
BROOKLYN 06 2009	12989
STATEN ISLAND 03 2009	2013
MANHATTAN 07 2009	10740
BRONX 04 2009	9193
STATEN ISLAND 06 2009	2025
BROOKLYN 09 2009	12625
QUEENS 04 2009	8024
QUEENS 11 2009	8204
QUEENS 06 2009	8455
QUEENS 02 2009	7274
STATEN ISLAND 11 2009	2024
STATEN ISLAND 04 2009	1916
QUEENS 12 2009	7742
BRONX 02 2009	8200
QUEENS 01 2009	7699
MANHATTAN 10 2009	11152
BROOKLYN 08 2009	14000
BRONX 11 2009	9221
MANHATTAN 03 2009	10558
STATEN ISLAND 09 2009	2238
BRONX 09 2009	9857
BROOKLYN 12 2009	11563
BRONX 05 2009	9861
STATEN ISLAND 07 2009	2040
STATEN ISLAND 10 2009	2212
QUEENS 03 2009	8359
STATEN ISLAND 05 2009	2186
QUEENS 10 2009	8607
STATEN ISLAND 01 2009	1842
QUEENS 05 2009	8577
QUEENS 04 2010	8209
QUEENS 11 2010	8054
QUEENS 02 2010	6754
STATEN ISLAND 04 2010	2159
BROOKLYN 05 2010	13373
BRONX 12 2010	7923
BRONX 07 2010	9856
BRONX 01 2010	9510
MANHATTAN 09 2010	10332
STATEN ISLAND 03 2010	1940
QUEENS 07 2010	8758
MANHATTAN 07 2010	10513
BROOKLYN 09 2010	13489
BRONX 09 2010	9827
BROOKLYN 01 2010	12626
BRONX 05 2010	10029
BRONX 08 2010	9671
QUEENS 09 2010	8653
STATEN ISLAND 12 2010	1695
BROOKLYN 02 2010	9795
STATEN ISLAND 10 2010	2146
STATEN ISLAND 07 2010	2157
QUEENS 12 2010	7402
QUEENS 01 2010	8456
MANHATTAN 04 2010	10217
BROOKLYN 07 2010	13885
MANHATTAN 06 2010	10462
QUEENS 08 2010	8639
MANHATTAN 02 2010	8352
BRONX 11 2010	9190
BRONX 02 2010	7746
BROOKLYN 04 2010	12860
BROOKLYN 06 2010	13523
BRONX 04 2010	9464
QUEENS 03 2010	8211
QUEENS 10 2010	9046
STATEN ISLAND 01 2010	1934
MANHATTAN 05 2010	10718
BRONX 03 2010	9326
BRONX 10 2010	9902
QUEENS 06 2010	8575
STATEN ISLAND 08 2010	2158
MANHATTAN 03 2010	10242
STATEN ISLAND 09 2010	2117
BROOKLYN 11 2010	12191
BRONX 06 2010	9725
MANHATTAN 10 2010	10970
BROOKLYN 08 2010	13343
MANHATTAN 08 2010	10496
MANHATTAN 11 2010	9922
BROOKLYN 03 2010	12820
BROOKLYN 12 2010	10675
STATEN ISLAND 11 2010	1912
STATEN ISLAND 02 2010	1539
BROOKLYN 10 2010	13762
STATEN ISLAND 06 2010	2222
STATEN ISLAND 05 2010	2130
QUEENS 05 2010	8679
MANHATTAN 12 2010	9060
MANHATTAN 01 2010	10385
MANHATTAN 07 2011	10086
STATEN ISLAND 03 2011	1994
QUEENS 07 2011	8830
MANHATTAN 09 2011	9549
QUEENS 04 2011	7955
BRONX 01 2011	8656
QUEENS 11 2011	8210
STATEN ISLAND 04 2011	1951
QUEENS 02 2011	7066
BROOKLYN 05 2011	13419
BRONX 12 2011	9013
BRONX 07 2011	9364
BRONX 08 2011	9123
STATEN ISLAND 12 2011	1799
QUEENS 09 2011	8303
BROOKLYN 02 2011	11095
STATEN ISLAND 10 2011	1970
QUEENS 01 2011	7445
STATEN ISLAND 07 2011	2064
QUEENS 12 2011	8019
BRONX 09 2011	8939
BROOKLYN 09 2011	12649
BROOKLYN 01 2011	11454
BRONX 05 2011	9541
BRONX 02 2011	8232
BRONX 11 2011	8837
QUEENS 03 2011	8193
BROOKLYN 04 2011	12543
BROOKLYN 06 2011	13282
BRONX 04 2011	9012
QUEENS 10 2011	8463
STATEN ISLAND 01 2011	1728
MANHATTAN 05 2011	10026
MANHATTAN 02 2011	8424
MANHATTAN 04 2011	9592
MANHATTAN 06 2011	10196
BROOKLYN 07 2011	14557
QUEENS 08 2011	8834
MANHATTAN 10 2011	9929
MANHATTAN 03 2011	9577
BROOKLYN 11 2011	12469
BRONX 06 2011	9523
STATEN ISLAND 09 2011	1979
BROOKLYN 08 2011	13201
BRONX 10 2011	9069
BRONX 03 2011	9456
QUEENS 06 2011	8701
STATEN ISLAND 08 2011	1944
STATEN ISLAND 05 2011	2132
QUEENS 05 2011	8622
MANHATTAN 12 2011	9733
MANHATTAN 01 2011	8974
MANHATTAN 08 2011	9855
BROOKLYN 03 2011	12547
MANHATTAN 11 2011	9746
BROOKLYN 12 2011	12043
STATEN ISLAND 02 2011	1721
STATEN ISLAND 06 2011	2089
STATEN ISLAND 11 2011	1926
BROOKLYN 10 2011	12549
BRONX 05 2012	9499
MANHATTAN 08 2012	10864
BRONX 09 2012	9071
BROOKLYN 12 2012	11675
STATEN ISLAND 02 2012	1977
STATEN ISLAND 11 2012	1612
STATEN ISLAND 06 2012	1968
QUEENS 05 2012	8774
STATEN ISLAND 05 2012	2093
STATEN ISLAND 10 2012	2080
STATEN ISLAND 07 2012	2037
MANHATTAN 06 2012	10166
QUEENS 11 2012	7065
QUEENS 08 2012	8721
MANHATTAN 02 2012	9178
BROOKLYN 05 2012	13850
BROOKLYN 07 2012	14294
QUEENS 02 2012	7728
BRONX 07 2012	9266
BRONX 11 2012	7589
BROOKLYN 04 2012	12619
QUEENS 10 2012	8230
QUEENS 03 2012	8253
MANHATTAN 07 2012	10629
MANHATTAN 05 2012	10628
BRONX 02 2012	8653
STATEN ISLAND 08 2012	2005
BROOKLYN 09 2012	13052
BROOKLYN 01 2012	12620
STATEN ISLAND 12 2012	1789
QUEENS 09 2012	8265
BRONX 06 2012	8837
BRONX 08 2012	9736
QUEENS 01 2012	8356
QUEENS 12 2012	7995
BROOKLYN 08 2012	14235
BROOKLYN 02 2012	11634
BROOKLYN 03 2012	13176
BROOKLYN 10 2012	12947
MANHATTAN 04 2012	9961
MANHATTAN 11 2012	8637
MANHATTAN 01 2012	9764
BROOKLYN 06 2012	13632
MANHATTAN 12 2012	9659
BRONX 04 2012	8859
STATEN ISLAND 01 2012	1841
QUEENS 04 2012	8141
BRONX 03 2012	9190
STATEN ISLAND 04 2012	2006
BRONX 01 2012	9219
BRONX 10 2012	8837
BRONX 12 2012	8127
QUEENS 06 2012	8570
MANHATTAN 03 2012	10384
STATEN ISLAND 09 2012	2027
QUEENS 07 2012	8982
BROOKLYN 11 2012	10957
MANHATTAN 09 2012	10187
MANHATTAN 10 2012	9806
STATEN ISLAND 03 2012	2176
STATEN ISLAND 07 2013	1917
STATEN ISLAND 05 2013	1869
STATEN ISLAND 10 2013	2136
QUEENS 05 2013	8705
STATEN ISLAND 11 2013	1954
BRONX 05 2013	8867
 07 2013	65
MANHATTAN 08 2013	10508
BRONX 09 2013	9051
BROOKLYN 12 2013	11828
STATEN ISLAND 02 2013	1445
STATEN ISLAND 06 2013	1888
BRONX 02 2013	7234
BRONX 11 2013	8514
BROOKLYN 04 2013	12191
QUEENS 10 2013	9218
QUEENS 03 2013	7948
MANHATTAN 07 2013	10611
MANHATTAN 05 2013	10281
QUEENS 02 2013	7034
MANHATTAN 06 2013	10020
QUEENS 11 2013	8638
MANHATTAN 02 2013	8570
BROOKLYN 05 2013	12944
BROOKLYN 07 2013	13476
QUEENS 08 2013	8957
BRONX 07 2013	9267
BRONX 08 2013	9392
QUEENS 09 2013	8664
STATEN ISLAND 12 2013	1839
BRONX 06 2013	8830
QUEENS 12 2013	8173
BROOKLYN 08 2013	13333
QUEENS 01 2013	8045
BROOKLYN 02 2013	10500
BROOKLYN 09 2013	13197
STATEN ISLAND 08 2013	2105
BROOKLYN 01 2013	12036
MANHATTAN 12 2013	9394
MANHATTAN 01 2013	9664
BROOKLYN 06 2013	12890
 06 2013	8
BRONX 04 2013	8549
STATEN ISLAND 01 2013	1780
BROOKLYN 03 2013	11627
MANHATTAN 04 2013	9569
BROOKLYN 10 2013	13473
 03 2013	1
MANHATTAN 11 2013	9325
MANHATTAN 03 2013	9592
MANHATTAN 10 2013	10076
QUEENS 07 2013	9037
BROOKLYN 11 2013	12064
MANHATTAN 09 2013	10133
STATEN ISLAND 03 2013	1775
STATEN ISLAND 09 2013	2169
QUEENS 04 2013	8080
STATEN ISLAND 04 2013	1735
BRONX 10 2013	9482
BRONX 01 2013	8403
BRONX 12 2013	8216
QUEENS 06 2013	8409
BRONX 03 2013	8257
BROOKLYN 07 2014	13944
BRONX 03 2014	8801
MANHATTAN 02 2014	8088
BRONX 10 2014	9638
QUEENS 08 2014	9022
BRONX 02 2014	7295
STATEN ISLAND 01 2014	1811
BROOKLYN 11 2014	11227
QUEENS 03 2014	8306
BRONX 04 2014	8578
BRONX 11 2014	8389
BRONX 06 2014	9260
QUEENS 10 2014	8858
MANHATTAN 05 2014	10391
STATEN ISLAND 06 2014	2113
BROOKLYN 03 2014	12223
STATEN ISLAND 08 2014	2066
BROOKLYN 12 2014	10683
QUEENS 06 2014	8712
STATEN ISLAND 11 2014	1775
STATEN ISLAND 09 2014	2023
STATEN ISLAND 05 2014	2099
MANHATTAN 10 2014	10018
MANHATTAN 03 2014	9341
MANHATTAN 01 2014	8955
MANHATTAN 12 2014	8011
QUEENS 05 2014	9129
BROOKLYN 08 2014	13657
MANHATTAN 08 2014	10235
QUEENS 04 2014	8008
QUEENS 02 2014	7185
QUEENS 11 2014	7586
MANHATTAN 11 2014	8827
STATEN ISLAND 02 2014	1518
BROOKLYN 10 2014	13529
BRONX 01 2014	8463
STATEN ISLAND 04 2014	1934
BROOKLYN 05 2014	13407
BRONX 12 2014	7278
STATEN ISLAND 03 2014	1907
MANHATTAN 09 2014	9876
MANHATTAN 07 2014	10277
QUEENS 07 2014	9009
BRONX 07 2014	9686
BRONX 09 2014	9410
BRONX 08 2014	9845
STATEN ISLAND 12 2014	1569
BROOKLYN 01 2014	11629
BROOKLYN 09 2014	12877
BRONX 05 2014	9373
MANHATTAN 04 2014	9019
MANHATTAN 06 2014	10058
QUEENS 09 2014	8576
STATEN ISLAND 07 2014	1971
STATEN ISLAND 10 2014	1925
BROOKLYN 04 2014	12148
QUEENS 12 2014	7420
BROOKLYN 06 2014	12739
QUEENS 01 2014	8276
BROOKLYN 02 2014	10390
BRONX 11 2015	8207
BROOKLYN 11 2015	11245
BRONX 02 2015	6754
BRONX 04 2015	8481
QUEENS 03 2015	7468
QUEENS 10 2015	8079
BRONX 06 2015	8880
STATEN ISLAND 01 2015	1531
MANHATTAN 05 2015	9950
MANHATTAN 02 2015	7527
QUEENS 08 2015	8625
BRONX 10 2015	9092
BROOKLYN 07 2015	13175
BRONX 03 2015	8177
STATEN ISLAND 09 2015	1884
MANHATTAN 10 2015	9619
STATEN ISLAND 05 2015	2010
MANHATTAN 03 2015	8888
MANHATTAN 12 2015	8504
QUEENS 05 2015	8292
MANHATTAN 01 2015	8181
BROOKLYN 08 2015	13439
STATEN ISLAND 11 2015	1674
STATEN ISLAND 08 2015	1998
BROOKLYN 12 2015	10641
QUEENS 06 2015	8186
BROOKLYN 03 2015	11223
STATEN ISLAND 06 2015	1935
STATEN ISLAND 03 2015	1910
MANHATTAN 07 2015	10308
QUEENS 07 2015	8754
MANHATTAN 09 2015	9597
MANHATTAN 08 2015	10251
QUEENS 04 2015	7784
QUEENS 11 2015	7377
QUEENS 02 2015	6387
STATEN ISLAND 02 2015	1364
BROOKLYN 10 2015	11843
MANHATTAN 11 2015	8755
STATEN ISLAND 04 2015	1773
BRONX 01 2015	7265
BROOKLYN 05 2015	12882
BRONX 12 2015	7704
BRONX 08 2015	10009
STATEN ISLAND 12 2015	1677
BRONX 07 2015	9689
BRONX 09 2015	9378
QUEENS 09 2015	7987
QUEENS 01 2015	6999
STATEN ISLAND 10 2015	1950
BROOKLYN 04 2015	11742
BROOKLYN 02 2015	8922
BROOKLYN 06 2015	12518
QUEENS 12 2015	7043
STATEN ISLAND 07 2015	2008
BROOKLYN 01 2015	10501
BRONX 05 2015	9314
BROOKLYN 09 2015	12220
MANHATTAN 04 2015	9417
MANHATTAN 06 2015	9583
