OPPOSITE OF, 2007	14462
OPPOSITE OF, 2014	12929
OUTSIDE, 2013	192
OPPOSITE OF, 2006	15369
OPPOSITE OF, 2015	12147
OUTSIDE, 2012	256
FRONT OF, 2013	108185
OPPOSITE OF, 2012	14069
INSIDE, 2006	260231
INSIDE, 2011	245298
OUTSIDE, 2008	311
FRONT OF, 2012	113373
OPPOSITE OF, 2013	13164
INSIDE, 2010	246486
INSIDE, 2007	255937
OUTSIDE, 2009	294
FRONT OF, 2006	137764
REAR OF, 2011	11343
OUTSIDE, 2015	229
OPPOSITE OF, 2009	14433
INSIDE, 2013	255571
OUTSIDE, 2006	333
REAR OF, 2008	11840
FRONT OF, 2011	114543
OPPOSITE OF, 2010	14582
FRONT OF, 2010	119431
FRONT OF, 2007	133846
REAR OF, 2010	11363
OPPOSITE OF, 2008	14731
OUTSIDE, 2007	284
OUTSIDE, 2014	178
REAR OF, 2009	11023
OPPOSITE OF, 2011	14540
INSIDE, 2012	254671
REAR OF, 2013	10786
REAR OF, 2012	11267
FRONT OF, 2008	126916
INSIDE, 2008	249972
FRONT OF, 2015	105337
REAR OF, 2006	11959
INSIDE, 2015	242965
REAR OF, 2015	10389
OUTSIDE, 2011	273
FRONT OF, 2009	120287
INSIDE, 2009	246166
FRONT OF, 2014	107744
REAR OF, 2014	11029
INSIDE, 2014	254989
OUTSIDE, 2010	336
REAR OF, 2007	12017
